{"/home/dima/JS/aedion_tasks_project/app.js": {"path":"/home/dima/JS/aedion_tasks_project/app.js","statementMap":{"0":{"start":{"line":12,"column":0},"end":{"line":12,"column":16}},"1":{"start":{"line":13,"column":17},"end":{"line":13,"column":20}},"2":{"start":{"line":15,"column":20},"end":{"line":21,"column":2}},"3":{"start":{"line":23,"column":25},"end":{"line":23,"column":49}},"4":{"start":{"line":25,"column":12},"end":{"line":25,"column":21}},"5":{"start":{"line":28,"column":13},"end":{"line":28,"column":17}},"6":{"start":{"line":30,"column":19},"end":{"line":30,"column":49}},"7":{"start":{"line":31,"column":18},"end":{"line":31,"column":42}},"8":{"start":{"line":33,"column":0},"end":{"line":33,"column":51}},"9":{"start":{"line":34,"column":0},"end":{"line":34,"column":27}},"10":{"start":{"line":36,"column":0},"end":{"line":41,"column":4}},"11":{"start":{"line":43,"column":0},"end":{"line":43,"column":56}},"12":{"start":{"line":45,"column":0},"end":{"line":45,"column":25}},"13":{"start":{"line":46,"column":0},"end":{"line":46,"column":30}},"14":{"start":{"line":47,"column":0},"end":{"line":47,"column":26}},"15":{"start":{"line":49,"column":0},"end":{"line":51,"column":3}},"16":{"start":{"line":50,"column":4},"end":{"line":50,"column":62}}},"fnMap":{"0":{"name":"(anonymous_0)","decl":{"start":{"line":49,"column":17},"end":{"line":49,"column":18}},"loc":{"start":{"line":49,"column":23},"end":{"line":51,"column":1}},"line":49}},"branchMap":{},"s":{"0":3,"1":3,"2":3,"3":3,"4":3,"5":3,"6":3,"7":3,"8":3,"9":3,"10":3,"11":3,"12":3,"13":3,"14":3,"15":3,"16":1},"f":{"0":1},"b":{},"_coverageSchema":"1a1c01bbd47fc00a2c39e90264f33305004495a9","hash":"fe53aa2d0257f7cb3d21f60a524a4790b129c2e3"}
,"/home/dima/JS/aedion_tasks_project/routes/admin.js": {"path":"/home/dima/JS/aedion_tasks_project/routes/admin.js","statementMap":{"0":{"start":{"line":8,"column":15},"end":{"line":8,"column":31}},"1":{"start":{"line":9,"column":19},"end":{"line":9,"column":49}},"2":{"start":{"line":10,"column":18},"end":{"line":10,"column":42}},"3":{"start":{"line":14,"column":23},"end":{"line":14,"column":51}},"4":{"start":{"line":16,"column":4},"end":{"line":19,"column":5}},"5":{"start":{"line":17,"column":8},"end":{"line":17,"column":60}},"6":{"start":{"line":18,"column":8},"end":{"line":18,"column":74}},"7":{"start":{"line":21,"column":18},"end":{"line":21,"column":42}},"8":{"start":{"line":23,"column":4},"end":{"line":26,"column":5}},"9":{"start":{"line":24,"column":8},"end":{"line":24,"column":43}},"10":{"start":{"line":25,"column":8},"end":{"line":25,"column":57}},"11":{"start":{"line":28,"column":4},"end":{"line":39,"column":5}},"12":{"start":{"line":29,"column":24},"end":{"line":29,"column":67}},"13":{"start":{"line":30,"column":8},"end":{"line":35,"column":9}},"14":{"start":{"line":31,"column":12},"end":{"line":31,"column":19}},"15":{"start":{"line":33,"column":12},"end":{"line":33,"column":84}},"16":{"start":{"line":34,"column":12},"end":{"line":34,"column":98}},"17":{"start":{"line":37,"column":8},"end":{"line":37,"column":47}},"18":{"start":{"line":38,"column":8},"end":{"line":38,"column":51}},"19":{"start":{"line":43,"column":0},"end":{"line":45,"column":3}},"20":{"start":{"line":44,"column":4},"end":{"line":44,"column":62}},"21":{"start":{"line":48,"column":0},"end":{"line":56,"column":3}},"22":{"start":{"line":49,"column":4},"end":{"line":55,"column":5}},"23":{"start":{"line":50,"column":26},"end":{"line":50,"column":66}},"24":{"start":{"line":51,"column":8},"end":{"line":51,"column":33}},"25":{"start":{"line":53,"column":8},"end":{"line":53,"column":27}},"26":{"start":{"line":54,"column":8},"end":{"line":54,"column":60}},"27":{"start":{"line":59,"column":0},"end":{"line":68,"column":3}},"28":{"start":{"line":60,"column":34},"end":{"line":60,"column":42}},"29":{"start":{"line":61,"column":4},"end":{"line":67,"column":5}},"30":{"start":{"line":62,"column":8},"end":{"line":62,"column":103}},"31":{"start":{"line":63,"column":8},"end":{"line":63,"column":31}},"32":{"start":{"line":65,"column":8},"end":{"line":65,"column":27}},"33":{"start":{"line":66,"column":8},"end":{"line":66,"column":62}},"34":{"start":{"line":71,"column":0},"end":{"line":81,"column":3}},"35":{"start":{"line":72,"column":19},"end":{"line":72,"column":29}},"36":{"start":{"line":73,"column":34},"end":{"line":73,"column":42}},"37":{"start":{"line":74,"column":4},"end":{"line":80,"column":5}},"38":{"start":{"line":75,"column":8},"end":{"line":75,"column":112}},"39":{"start":{"line":76,"column":8},"end":{"line":76,"column":50}},"40":{"start":{"line":78,"column":8},"end":{"line":78,"column":27}},"41":{"start":{"line":79,"column":8},"end":{"line":79,"column":62}},"42":{"start":{"line":84,"column":0},"end":{"line":93,"column":3}},"43":{"start":{"line":85,"column":19},"end":{"line":85,"column":29}},"44":{"start":{"line":86,"column":4},"end":{"line":92,"column":5}},"45":{"start":{"line":87,"column":8},"end":{"line":87,"column":66}},"46":{"start":{"line":88,"column":8},"end":{"line":88,"column":48}},"47":{"start":{"line":90,"column":8},"end":{"line":90,"column":27}},"48":{"start":{"line":91,"column":8},"end":{"line":91,"column":60}}},"fnMap":{"0":{"name":"authenticateAdminToken","decl":{"start":{"line":13,"column":9},"end":{"line":13,"column":31}},"loc":{"start":{"line":13,"column":48},"end":{"line":40,"column":1}},"line":13},"1":{"name":"(anonymous_1)","decl":{"start":{"line":43,"column":21},"end":{"line":43,"column":22}},"loc":{"start":{"line":43,"column":35},"end":{"line":45,"column":1}},"line":43},"2":{"name":"(anonymous_2)","decl":{"start":{"line":48,"column":45},"end":{"line":48,"column":46}},"loc":{"start":{"line":48,"column":65},"end":{"line":56,"column":1}},"line":48},"3":{"name":"(anonymous_3)","decl":{"start":{"line":59,"column":22},"end":{"line":59,"column":23}},"loc":{"start":{"line":59,"column":42},"end":{"line":68,"column":1}},"line":59},"4":{"name":"(anonymous_4)","decl":{"start":{"line":71,"column":26},"end":{"line":71,"column":27}},"loc":{"start":{"line":71,"column":46},"end":{"line":81,"column":1}},"line":71},"5":{"name":"(anonymous_5)","decl":{"start":{"line":84,"column":52},"end":{"line":84,"column":53}},"loc":{"start":{"line":84,"column":72},"end":{"line":93,"column":1}},"line":84}},"branchMap":{"0":{"loc":{"start":{"line":16,"column":4},"end":{"line":19,"column":5}},"type":"if","locations":[{"start":{"line":16,"column":4},"end":{"line":19,"column":5}},{"start":{},"end":{}}],"line":16},"1":{"loc":{"start":{"line":23,"column":4},"end":{"line":26,"column":5}},"type":"if","locations":[{"start":{"line":23,"column":4},"end":{"line":26,"column":5}},{"start":{},"end":{}}],"line":23},"2":{"loc":{"start":{"line":30,"column":8},"end":{"line":35,"column":9}},"type":"if","locations":[{"start":{"line":30,"column":8},"end":{"line":35,"column":9}},{"start":{"line":32,"column":15},"end":{"line":35,"column":9}}],"line":30}},"s":{"0":3,"1":3,"2":3,"3":6,"4":6,"5":2,"6":2,"7":4,"8":4,"9":0,"10":0,"11":4,"12":4,"13":4,"14":2,"15":2,"16":2,"17":0,"18":0,"19":3,"20":1,"21":3,"22":1,"23":1,"24":1,"25":0,"26":0,"27":3,"28":2,"29":2,"30":2,"31":1,"32":1,"33":1,"34":3,"35":2,"36":2,"37":2,"38":2,"39":1,"40":1,"41":1,"42":3,"43":1,"44":1,"45":1,"46":1,"47":0,"48":0},"f":{"0":6,"1":1,"2":1,"3":2,"4":2,"5":1},"b":{"0":[2,4],"1":[0,4],"2":[2,2]},"_coverageSchema":"1a1c01bbd47fc00a2c39e90264f33305004495a9","hash":"16db5051f7cdf296b0c93059fb766fa002e55dbc"}
,"/home/dima/JS/aedion_tasks_project/routes/auth.js": {"path":"/home/dima/JS/aedion_tasks_project/routes/auth.js","statementMap":{"0":{"start":{"line":11,"column":15},"end":{"line":11,"column":31}},"1":{"start":{"line":12,"column":19},"end":{"line":12,"column":49}},"2":{"start":{"line":13,"column":18},"end":{"line":13,"column":42}},"3":{"start":{"line":14,"column":0},"end":{"line":14,"column":27}},"4":{"start":{"line":18,"column":2},"end":{"line":21,"column":5}},"5":{"start":{"line":26,"column":4},"end":{"line":26,"column":75}},"6":{"start":{"line":29,"column":0},"end":{"line":31,"column":3}},"7":{"start":{"line":30,"column":4},"end":{"line":30,"column":66}},"8":{"start":{"line":33,"column":0},"end":{"line":35,"column":3}},"9":{"start":{"line":34,"column":4},"end":{"line":34,"column":63}},"10":{"start":{"line":37,"column":0},"end":{"line":48,"column":3}},"11":{"start":{"line":38,"column":35},"end":{"line":38,"column":43}},"12":{"start":{"line":39,"column":4},"end":{"line":47,"column":5}},"13":{"start":{"line":40,"column":21},"end":{"line":40,"column":27}},"14":{"start":{"line":41,"column":31},"end":{"line":41,"column":62}},"15":{"start":{"line":42,"column":8},"end":{"line":42,"column":127}},"16":{"start":{"line":43,"column":8},"end":{"line":43,"column":31}},"17":{"start":{"line":45,"column":8},"end":{"line":45,"column":56}},"18":{"start":{"line":46,"column":8},"end":{"line":46,"column":27}},"19":{"start":{"line":51,"column":0},"end":{"line":75,"column":3}},"20":{"start":{"line":52,"column":35},"end":{"line":52,"column":43}},"21":{"start":{"line":53,"column":4},"end":{"line":74,"column":5}},"22":{"start":{"line":54,"column":26},"end":{"line":54,"column":97}},"23":{"start":{"line":55,"column":8},"end":{"line":70,"column":9}},"24":{"start":{"line":56,"column":25},"end":{"line":56,"column":42}},"25":{"start":{"line":57,"column":12},"end":{"line":57,"column":36}},"26":{"start":{"line":58,"column":28},"end":{"line":58,"column":73}},"27":{"start":{"line":59,"column":12},"end":{"line":67,"column":13}},"28":{"start":{"line":60,"column":30},"end":{"line":60,"column":69}},"29":{"start":{"line":61,"column":16},"end":{"line":61,"column":54}},"30":{"start":{"line":63,"column":16},"end":{"line":63,"column":41}},"31":{"start":{"line":64,"column":16},"end":{"line":64,"column":43}},"32":{"start":{"line":66,"column":16},"end":{"line":66,"column":57}},"33":{"start":{"line":69,"column":12},"end":{"line":69,"column":63}},"34":{"start":{"line":72,"column":8},"end":{"line":72,"column":27}},"35":{"start":{"line":73,"column":8},"end":{"line":73,"column":56}},"36":{"start":{"line":78,"column":0},"end":{"line":86,"column":3}},"37":{"start":{"line":79,"column":4},"end":{"line":85,"column":5}},"38":{"start":{"line":80,"column":8},"end":{"line":80,"column":30}},"39":{"start":{"line":81,"column":8},"end":{"line":81,"column":31}},"40":{"start":{"line":83,"column":8},"end":{"line":83,"column":44}},"41":{"start":{"line":84,"column":8},"end":{"line":84,"column":35}}},"fnMap":{"0":{"name":"setAuthToken","decl":{"start":{"line":17,"column":9},"end":{"line":17,"column":21}},"loc":{"start":{"line":17,"column":34},"end":{"line":22,"column":1}},"line":17},"1":{"name":"generateToken","decl":{"start":{"line":25,"column":9},"end":{"line":25,"column":22}},"loc":{"start":{"line":25,"column":39},"end":{"line":27,"column":1}},"line":25},"2":{"name":"(anonymous_2)","decl":{"start":{"line":29,"column":24},"end":{"line":29,"column":25}},"loc":{"start":{"line":29,"column":38},"end":{"line":31,"column":1}},"line":29},"3":{"name":"(anonymous_3)","decl":{"start":{"line":33,"column":21},"end":{"line":33,"column":22}},"loc":{"start":{"line":33,"column":35},"end":{"line":35,"column":1}},"line":33},"4":{"name":"(anonymous_4)","decl":{"start":{"line":37,"column":25},"end":{"line":37,"column":26}},"loc":{"start":{"line":37,"column":45},"end":{"line":48,"column":1}},"line":37},"5":{"name":"(anonymous_5)","decl":{"start":{"line":51,"column":22},"end":{"line":51,"column":23}},"loc":{"start":{"line":51,"column":42},"end":{"line":75,"column":1}},"line":51},"6":{"name":"(anonymous_6)","decl":{"start":{"line":78,"column":22},"end":{"line":78,"column":23}},"loc":{"start":{"line":78,"column":36},"end":{"line":86,"column":1}},"line":78}},"branchMap":{"0":{"loc":{"start":{"line":55,"column":8},"end":{"line":70,"column":9}},"type":"if","locations":[{"start":{"line":55,"column":8},"end":{"line":70,"column":9}},{"start":{"line":68,"column":15},"end":{"line":70,"column":9}}],"line":55},"1":{"loc":{"start":{"line":59,"column":12},"end":{"line":67,"column":13}},"type":"if","locations":[{"start":{"line":59,"column":12},"end":{"line":67,"column":13}},{"start":{"line":65,"column":19},"end":{"line":67,"column":13}}],"line":59}},"s":{"0":3,"1":3,"2":3,"3":3,"4":1,"5":1,"6":3,"7":1,"8":3,"9":1,"10":3,"11":2,"12":2,"13":2,"14":2,"15":2,"16":1,"17":1,"18":1,"19":3,"20":3,"21":3,"22":3,"23":3,"24":2,"25":2,"26":2,"27":2,"28":1,"29":1,"30":1,"31":1,"32":1,"33":1,"34":0,"35":0,"36":3,"37":1,"38":1,"39":1,"40":0,"41":0},"f":{"0":1,"1":1,"2":1,"3":1,"4":2,"5":3,"6":1},"b":{"0":[2,1],"1":[1,1]},"_coverageSchema":"1a1c01bbd47fc00a2c39e90264f33305004495a9","hash":"adad11c92602be3210b1df384384bce4cfbc994f"}
,"/home/dima/JS/aedion_tasks_project/routes/dashboard.js": {"path":"/home/dima/JS/aedion_tasks_project/routes/dashboard.js","statementMap":{"0":{"start":{"line":7,"column":15},"end":{"line":7,"column":31}},"1":{"start":{"line":8,"column":19},"end":{"line":8,"column":49}},"2":{"start":{"line":9,"column":18},"end":{"line":9,"column":42}},"3":{"start":{"line":13,"column":23},"end":{"line":13,"column":51}},"4":{"start":{"line":15,"column":4},"end":{"line":18,"column":5}},"5":{"start":{"line":16,"column":8},"end":{"line":16,"column":60}},"6":{"start":{"line":17,"column":8},"end":{"line":17,"column":74}},"7":{"start":{"line":20,"column":18},"end":{"line":20,"column":42}},"8":{"start":{"line":22,"column":4},"end":{"line":25,"column":5}},"9":{"start":{"line":23,"column":8},"end":{"line":23,"column":43}},"10":{"start":{"line":24,"column":8},"end":{"line":24,"column":57}},"11":{"start":{"line":27,"column":4},"end":{"line":33,"column":5}},"12":{"start":{"line":28,"column":8},"end":{"line":28,"column":52}},"13":{"start":{"line":29,"column":8},"end":{"line":29,"column":15}},"14":{"start":{"line":31,"column":8},"end":{"line":31,"column":47}},"15":{"start":{"line":32,"column":8},"end":{"line":32,"column":51}},"16":{"start":{"line":37,"column":0},"end":{"line":39,"column":3}},"17":{"start":{"line":38,"column":4},"end":{"line":38,"column":66}},"18":{"start":{"line":42,"column":0},"end":{"line":61,"column":3}},"19":{"start":{"line":43,"column":4},"end":{"line":60,"column":5}},"20":{"start":{"line":45,"column":8},"end":{"line":54,"column":9}},"21":{"start":{"line":46,"column":25},"end":{"line":46,"column":41}},"22":{"start":{"line":47,"column":12},"end":{"line":47,"column":29}},"23":{"start":{"line":49,"column":26},"end":{"line":49,"column":68}},"24":{"start":{"line":50,"column":28},"end":{"line":50,"column":71}},"25":{"start":{"line":51,"column":29},"end":{"line":51,"column":45}},"26":{"start":{"line":52,"column":30},"end":{"line":52,"column":101}},"27":{"start":{"line":53,"column":12},"end":{"line":53,"column":42}},"28":{"start":{"line":55,"column":22},"end":{"line":55,"column":168}},"29":{"start":{"line":56,"column":8},"end":{"line":56,"column":29}},"30":{"start":{"line":58,"column":8},"end":{"line":58,"column":27}},"31":{"start":{"line":59,"column":8},"end":{"line":59,"column":60}},"32":{"start":{"line":63,"column":0},"end":{"line":82,"column":3}},"33":{"start":{"line":64,"column":4},"end":{"line":81,"column":5}},"34":{"start":{"line":66,"column":8},"end":{"line":75,"column":9}},"35":{"start":{"line":67,"column":25},"end":{"line":67,"column":41}},"36":{"start":{"line":68,"column":12},"end":{"line":68,"column":29}},"37":{"start":{"line":70,"column":26},"end":{"line":70,"column":68}},"38":{"start":{"line":71,"column":28},"end":{"line":71,"column":71}},"39":{"start":{"line":72,"column":29},"end":{"line":72,"column":45}},"40":{"start":{"line":73,"column":30},"end":{"line":73,"column":101}},"41":{"start":{"line":74,"column":12},"end":{"line":74,"column":42}},"42":{"start":{"line":76,"column":27},"end":{"line":76,"column":187}},"43":{"start":{"line":77,"column":8},"end":{"line":77,"column":34}},"44":{"start":{"line":79,"column":8},"end":{"line":79,"column":27}},"45":{"start":{"line":80,"column":8},"end":{"line":80,"column":60}},"46":{"start":{"line":84,"column":0},"end":{"line":98,"column":3}},"47":{"start":{"line":85,"column":4},"end":{"line":97,"column":5}},"48":{"start":{"line":86,"column":23},"end":{"line":86,"column":33}},"49":{"start":{"line":87,"column":21},"end":{"line":87,"column":37}},"50":{"start":{"line":88,"column":27},"end":{"line":88,"column":35}},"51":{"start":{"line":89,"column":32},"end":{"line":89,"column":96}},"52":{"start":{"line":90,"column":27},"end":{"line":90,"column":57}},"53":{"start":{"line":91,"column":27},"end":{"line":91,"column":55}},"54":{"start":{"line":92,"column":8},"end":{"line":92,"column":133}},"55":{"start":{"line":93,"column":8},"end":{"line":93,"column":35}},"56":{"start":{"line":95,"column":8},"end":{"line":95,"column":27}},"57":{"start":{"line":96,"column":8},"end":{"line":96,"column":62}},"58":{"start":{"line":101,"column":0},"end":{"line":121,"column":3}},"59":{"start":{"line":102,"column":19},"end":{"line":102,"column":29}},"60":{"start":{"line":103,"column":4},"end":{"line":120,"column":5}},"61":{"start":{"line":105,"column":8},"end":{"line":114,"column":9}},"62":{"start":{"line":106,"column":25},"end":{"line":106,"column":41}},"63":{"start":{"line":107,"column":12},"end":{"line":107,"column":29}},"64":{"start":{"line":109,"column":26},"end":{"line":109,"column":68}},"65":{"start":{"line":110,"column":28},"end":{"line":110,"column":71}},"66":{"start":{"line":111,"column":29},"end":{"line":111,"column":45}},"67":{"start":{"line":112,"column":30},"end":{"line":112,"column":101}},"68":{"start":{"line":113,"column":12},"end":{"line":113,"column":42}},"69":{"start":{"line":115,"column":8},"end":{"line":115,"column":103}},"70":{"start":{"line":116,"column":8},"end":{"line":116,"column":82}},"71":{"start":{"line":118,"column":8},"end":{"line":118,"column":27}},"72":{"start":{"line":119,"column":8},"end":{"line":119,"column":75}}},"fnMap":{"0":{"name":"authenticateToken","decl":{"start":{"line":12,"column":9},"end":{"line":12,"column":26}},"loc":{"start":{"line":12,"column":43},"end":{"line":34,"column":1}},"line":12},"1":{"name":"(anonymous_1)","decl":{"start":{"line":37,"column":25},"end":{"line":37,"column":26}},"loc":{"start":{"line":37,"column":39},"end":{"line":39,"column":1}},"line":37},"2":{"name":"(anonymous_2)","decl":{"start":{"line":42,"column":45},"end":{"line":42,"column":46}},"loc":{"start":{"line":42,"column":65},"end":{"line":61,"column":1}},"line":42},"3":{"name":"(anonymous_3)","decl":{"start":{"line":63,"column":45},"end":{"line":63,"column":46}},"loc":{"start":{"line":63,"column":65},"end":{"line":82,"column":1}},"line":63},"4":{"name":"(anonymous_4)","decl":{"start":{"line":84,"column":33},"end":{"line":84,"column":34}},"loc":{"start":{"line":84,"column":53},"end":{"line":98,"column":1}},"line":84},"5":{"name":"(anonymous_5)","decl":{"start":{"line":101,"column":52},"end":{"line":101,"column":53}},"loc":{"start":{"line":101,"column":72},"end":{"line":121,"column":1}},"line":101}},"branchMap":{"0":{"loc":{"start":{"line":15,"column":4},"end":{"line":18,"column":5}},"type":"if","locations":[{"start":{"line":15,"column":4},"end":{"line":18,"column":5}},{"start":{},"end":{}}],"line":15},"1":{"loc":{"start":{"line":22,"column":4},"end":{"line":25,"column":5}},"type":"if","locations":[{"start":{"line":22,"column":4},"end":{"line":25,"column":5}},{"start":{},"end":{}}],"line":22},"2":{"loc":{"start":{"line":91,"column":27},"end":{"line":91,"column":55}},"type":"cond-expr","locations":[{"start":{"line":91,"column":50},"end":{"line":91,"column":51}},{"start":{"line":91,"column":54},"end":{"line":91,"column":55}}],"line":91}},"s":{"0":3,"1":3,"2":3,"3":6,"4":6,"5":3,"6":3,"7":3,"8":3,"9":0,"10":0,"11":3,"12":3,"13":3,"14":0,"15":0,"16":3,"17":1,"18":3,"19":1,"20":1,"21":1,"22":1,"23":1,"24":1,"25":1,"26":1,"27":1,"28":1,"29":1,"30":0,"31":0,"32":3,"33":1,"34":1,"35":1,"36":1,"37":1,"38":1,"39":1,"40":1,"41":1,"42":1,"43":1,"44":0,"45":0,"46":3,"47":1,"48":1,"49":1,"50":1,"51":1,"52":1,"53":1,"54":1,"55":0,"56":1,"57":1,"58":3,"59":1,"60":1,"61":1,"62":1,"63":1,"64":1,"65":1,"66":1,"67":1,"68":1,"69":1,"70":1,"71":0,"72":0},"f":{"0":6,"1":1,"2":1,"3":1,"4":1,"5":1},"b":{"0":[3,3],"1":[0,3],"2":[0,1]},"_coverageSchema":"1a1c01bbd47fc00a2c39e90264f33305004495a9","hash":"3328f6ab77869e551fedaab2f0646376f6f938ad"}
}
